Using pre-set license

 COMMAND LINE ARGUMENTS:
/Applications/Unity/Hub/Editor/2020.2.4f1/Unity.app/Contents/MacOS/Unity
-adb2
-batchMode
-noUpm
-name
AssetImportWorker0
-projectPath
/Users/hugo.tien/Desktop/Pacman/Pacman
-logFile
Logs/AssetImportWorker0.log
-srvPort
51383
Successfully changed project path to: /Users/hugo.tien/Desktop/Pacman/Pacman
/Users/hugo.tien/Desktop/Pacman/Pacman
Using Asset Import Pipeline V2.
Refreshing native plugins compatible for Editor in 68.93 ms, found 2 plugins.
Preloading 0 native plugins for Editor in 0.00 ms.
Initialize engine version: 2020.2.4f1 (becced5a802b)
[Subsystems] Discovering subsystems at path /Applications/Unity/Hub/Editor/2020.2.4f1/Unity.app/Contents/Resources/UnitySubsystems
[Subsystems] Discovering subsystems at path /Users/hugo.tien/Desktop/Pacman/Pacman/Assets
GfxDevice: creating device client; threaded=0
2021-09-23 22:29:56.002 Unity[3120:123446] Color LCD preferred device: Intel(R) Iris(TM) Graphics 6000 (low power)
2021-09-23 22:29:56.002 Unity[3120:123446] Metal devices available: 1
2021-09-23 22:29:56.003 Unity[3120:123446] 0: Intel(R) Iris(TM) Graphics 6000 (low power)
2021-09-23 22:29:56.005 Unity[3120:123446] Using device Intel(R) Iris(TM) Graphics 6000 (low power)
Initializing Metal device caps: Intel(R) Iris(TM) Graphics 6000
Initialize mono
Mono path[0] = '/Applications/Unity/Hub/Editor/2020.2.4f1/Unity.app/Contents/Managed'
Mono path[1] = '/Applications/Unity/Hub/Editor/2020.2.4f1/Unity.app/Contents/MonoBleedingEdge/lib/mono/unityjit'
Mono config path = '/Applications/Unity/Hub/Editor/2020.2.4f1/Unity.app/Contents/MonoBleedingEdge/etc'
Using monoOptions --debugger-agent=transport=dt_socket,embedding=1,server=y,suspend=n,address=127.0.0.1:56120
Begin MonoManager ReloadAssembly
Registering precompiled unity dll's ...
Register platform support module: /Applications/Unity/Hub/Editor/2020.2.4f1/Unity.app/Contents/PlaybackEngines/MacStandaloneSupport/UnityEditor.OSXStandalone.Extensions.dll
Registered in 0.004087 seconds.
Native extension for OSXStandalone target not found
Refreshing native plugins compatible for Editor in 87.06 ms, found 2 plugins.
Preloading 0 native plugins for Editor in 0.00 ms.
Invoked RoslynAnalysisRunner static constructor.
RoslynAnalysisRunner will not be running.
RoslynAnalysisRunner has terminated.
Mono: successfully reloaded assembly
- Completed reload, in  5.075 seconds
Platform modules already initialized, skipping
Registering precompiled user dll's ...
Registered in 0.002646 seconds.
Begin MonoManager ReloadAssembly
Native extension for OSXStandalone target not found
Refreshing native plugins compatible for Editor in 53.64 ms, found 2 plugins.
Preloading 0 native plugins for Editor in 0.00 ms.
Invoked RoslynAnalysisRunner static constructor.
RoslynAnalysisRunner will not be running.
RoslynAnalysisRunner has terminated.
Mono: successfully reloaded assembly
- Completed reload, in  2.263 seconds
Platform modules already initialized, skipping
========================================================================
Worker process is ready to serve import requests
Launching external process: /Applications/Unity/Hub/Editor/2020.2.4f1/Unity.app/Contents/Tools/UnityShaderCompiler
Launched and connected shader compiler UnityShaderCompiler after 0.03 seconds
Refreshing native plugins compatible for Editor in 0.59 ms, found 2 plugins.
Preloading 0 native plugins for Editor in 0.00 ms.
Unloading 1797 Unused Serialized files (Serialized files now loaded: 0)
System memory in use before: 143.8 MB.
System memory in use after: 143.8 MB.

Unloading 24 unused Assets to reduce memory usage. Loaded Objects now: 2238.
Total: 3.120456 ms (FindLiveObjects: 0.354684 ms CreateObjectMapping: 0.090096 ms MarkObjects: 2.461914 ms  DeleteObjects: 0.210880 ms)

========================================================================
Received Import Request.
  path: Assets/Scenes
  artifactKey: Guid(6db7a443dc917413997ddba0a0e142a6) Importer(815301076,1909f56bfc062723c751e8b465ee728b)
Start importing Assets/Scenes using Guid(6db7a443dc917413997ddba0a0e142a6) Importer(815301076,1909f56bfc062723c751e8b465ee728b)  -> (artifact id: '7927893d4b62431aefcd8309b9666dae') in 0.007232 seconds
  Import took 0.014128 seconds .

========================================================================
Received Import Request.
  Time since last request: 338.589949 seconds.
  path: Assets/Walls
  artifactKey: Guid(4f4fdc17db80040d1b8f3b0b17a54574) Importer(815301076,1909f56bfc062723c751e8b465ee728b)
Start importing Assets/Walls using Guid(4f4fdc17db80040d1b8f3b0b17a54574) Importer(815301076,1909f56bfc062723c751e8b465ee728b)  -> (artifact id: '4c42d9b610bf6e5307ee053a54b39a14') in 0.002841 seconds
  Import took 0.012046 seconds .

========================================================================
Received Import Request.
  Time since last request: 0.000807 seconds.
  path: Assets/Walls
  artifactKey: Guid(4f4fdc17db80040d1b8f3b0b17a54574) Importer(815301076,1909f56bfc062723c751e8b465ee728b)
Start importing Assets/Walls using Guid(4f4fdc17db80040d1b8f3b0b17a54574) Importer(815301076,1909f56bfc062723c751e8b465ee728b)  -> (artifact id: '4c42d9b610bf6e5307ee053a54b39a14') in 0.005252 seconds
  Import took 0.014454 seconds .

========================================================================
Received Import Request.
  Time since last request: 0.074330 seconds.
  path: Assets/Walls/InsiderCorner.png
  artifactKey: Guid(51aa8af50d70943b4b3c092d9b26e033) Importer(815301076,1909f56bfc062723c751e8b465ee728b)
Start importing Assets/Walls/InsiderCorner.png using Guid(51aa8af50d70943b4b3c092d9b26e033) Importer(815301076,1909f56bfc062723c751e8b465ee728b)  -> (artifact id: '64e5cd87e648a622d55281a69aac2e33') in 1.725130 seconds
  Import took 1.731635 seconds .

========================================================================
Received Import Request.
  Time since last request: 0.000284 seconds.
  path: Assets/Walls/OutsideCorner.png
  artifactKey: Guid(4d17ccf9408d24c4ab61e491acc20da8) Importer(815301076,1909f56bfc062723c751e8b465ee728b)
Start importing Assets/Walls/OutsideCorner.png using Guid(4d17ccf9408d24c4ab61e491acc20da8) Importer(815301076,1909f56bfc062723c751e8b465ee728b)  -> (artifact id: '5ebcc0fcf6f1e72f0c9bfab7ebe1aa63') in 0.007990 seconds
  Import took 0.013005 seconds .

========================================================================
Received Import Request.
  Time since last request: 0.000983 seconds.
  path: Assets/Walls/TJunc.png
  artifactKey: Guid(ee96993c169b145328fb676b87792566) Importer(815301076,1909f56bfc062723c751e8b465ee728b)
Start importing Assets/Walls/TJunc.png using Guid(ee96993c169b145328fb676b87792566) Importer(815301076,1909f56bfc062723c751e8b465ee728b)  -> (artifact id: 'bfe3aaf81050f446de1ef580b65567ab') in 0.010168 seconds
  Import took 0.016188 seconds .

========================================================================
Received Import Request.
  Time since last request: 0.000342 seconds.
  path: Assets/Walls/InsideWall.png
  artifactKey: Guid(82ed2e05195594eb297773535245e625) Importer(815301076,1909f56bfc062723c751e8b465ee728b)
Start importing Assets/Walls/InsideWall.png using Guid(82ed2e05195594eb297773535245e625) Importer(815301076,1909f56bfc062723c751e8b465ee728b)  -> (artifact id: '02027624cad0202e97a96752ce9f0441') in 0.028739 seconds
  Import took 0.034974 seconds .

========================================================================
Received Import Request.
  Time since last request: 0.000321 seconds.
  path: Assets/Walls/OutsideWall.png
  artifactKey: Guid(a38c6e00abf184aa598eee7e335e7480) Importer(815301076,1909f56bfc062723c751e8b465ee728b)
Start importing Assets/Walls/OutsideWall.png using Guid(a38c6e00abf184aa598eee7e335e7480) Importer(815301076,1909f56bfc062723c751e8b465ee728b)  -> (artifact id: '6b579d2436595ae64c62d26e1733f445') in 0.010596 seconds
  Import took 0.019968 seconds .

========================================================================
Received Import Request.
  Time since last request: 286.537230 seconds.
  path: ProjectSettings/TagManager.asset
  artifactKey: Guid(00000000000000003000000000000000) Importer(815301076,1909f56bfc062723c751e8b465ee728b)
Start importing ProjectSettings/TagManager.asset using Guid(00000000000000003000000000000000) Importer(815301076,1909f56bfc062723c751e8b465ee728b)  -> (artifact id: '135b5813783864719e8674deb51bac1c') in 2.267934 seconds
  Import took 2.309225 seconds .

========================================================================
Received Import Request.
  Time since last request: 182.366635 seconds.
  path: Assets/Characters/MonsterDead.png
  artifactKey: Guid(b1c188cad2350487499b323c2993701f) Importer(815301076,1909f56bfc062723c751e8b465ee728b)
Start importing Assets/Characters/MonsterDead.png using Guid(b1c188cad2350487499b323c2993701f) Importer(815301076,1909f56bfc062723c751e8b465ee728b)  -> (artifact id: 'a63aef557efd49c7de5e0c5e4568f41c') in 0.013837 seconds
  Import took 0.021500 seconds .

========================================================================
Received Import Request.
  Time since last request: 0.000436 seconds.
  path: Assets/Characters/MonsterPink.png
  artifactKey: Guid(8a4aa5de0c8654666a69651ded1fea9e) Importer(815301076,1909f56bfc062723c751e8b465ee728b)
Start importing Assets/Characters/MonsterPink.png using Guid(8a4aa5de0c8654666a69651ded1fea9e) Importer(815301076,1909f56bfc062723c751e8b465ee728b)  -> (artifact id: '73218254cd92f8a37383f9eeac6044bb') in 0.009797 seconds
  Import took 0.016914 seconds .

========================================================================
Received Import Request.
  Time since last request: 0.000404 seconds.
  path: Assets/Characters/PacStudent.png
  artifactKey: Guid(d05e4d8e60593491d91ee556ab8128a1) Importer(815301076,1909f56bfc062723c751e8b465ee728b)
Start importing Assets/Characters/PacStudent.png using Guid(d05e4d8e60593491d91ee556ab8128a1) Importer(815301076,1909f56bfc062723c751e8b465ee728b)  -> (artifact id: '473bf236798bcc4e26b5ddda333c05dc') in 0.016396 seconds
  Import took 0.023195 seconds .

========================================================================
Received Import Request.
  Time since last request: 0.000321 seconds.
  path: Assets/Characters/MonsterRed.png
  artifactKey: Guid(2db42376f24604a2c81ae0876bdd9a82) Importer(815301076,1909f56bfc062723c751e8b465ee728b)
Start importing Assets/Characters/MonsterRed.png using Guid(2db42376f24604a2c81ae0876bdd9a82) Importer(815301076,1909f56bfc062723c751e8b465ee728b)  -> (artifact id: '0bb9811a437422348ec5cca71bacc224') in 0.010993 seconds
  Import took 0.015879 seconds .

========================================================================
Received Import Request.
  Time since last request: 0.001926 seconds.
  path: Assets/Characters/MonsterGreen.png
  artifactKey: Guid(02a41721b4d0d4bbfbb07067a06d354d) Importer(815301076,1909f56bfc062723c751e8b465ee728b)
Start importing Assets/Characters/MonsterGreen.png using Guid(02a41721b4d0d4bbfbb07067a06d354d) Importer(815301076,1909f56bfc062723c751e8b465ee728b)  -> (artifact id: '55d18229d2dcf9d3c908494c59c08b64') in 0.010698 seconds
  Import took 0.017786 seconds .

========================================================================
Received Import Request.
  Time since last request: 0.000297 seconds.
  path: Assets/Characters/MonsterScared.png
  artifactKey: Guid(a96d165b398db4b7ebff63b97393e299) Importer(815301076,1909f56bfc062723c751e8b465ee728b)
Start importing Assets/Characters/MonsterScared.png using Guid(a96d165b398db4b7ebff63b97393e299) Importer(815301076,1909f56bfc062723c751e8b465ee728b)  -> (artifact id: 'b5c713ae781a311f04b6e980fcf1bd6b') in 0.021767 seconds
  Import took 0.025208 seconds .

========================================================================
Received Import Request.
  Time since last request: 0.000301 seconds.
  path: Assets/Characters/MonsterYellow.png
  artifactKey: Guid(e512a4f83bb0b4577a1ab1d7cc14bb27) Importer(815301076,1909f56bfc062723c751e8b465ee728b)
Start importing Assets/Characters/MonsterYellow.png using Guid(e512a4f83bb0b4577a1ab1d7cc14bb27) Importer(815301076,1909f56bfc062723c751e8b465ee728b)  -> (artifact id: '0e383a2589a72aa6b57ccd08be9a4d51') in 0.011513 seconds
  Import took 0.017970 seconds .

========================================================================
Received Import Request.
  Time since last request: 63.212373 seconds.
  path: Assets/Walls/OutsideCorner.png
  artifactKey: Guid(4d17ccf9408d24c4ab61e491acc20da8) Importer(815301076,1909f56bfc062723c751e8b465ee728b)
Start importing Assets/Walls/OutsideCorner.png using Guid(4d17ccf9408d24c4ab61e491acc20da8) Importer(815301076,1909f56bfc062723c751e8b465ee728b)  -> (artifact id: '5ef0d6daeeb0dcb501f01f418b4c6864') in 0.146009 seconds
  Import took 0.156456 seconds .

========================================================================
Received Import Request.
  Time since last request: 0.000135 seconds.
  path: Assets/Walls/TJunc.png
  artifactKey: Guid(ee96993c169b145328fb676b87792566) Importer(815301076,1909f56bfc062723c751e8b465ee728b)
Start importing Assets/Walls/TJunc.png using Guid(ee96993c169b145328fb676b87792566) Importer(815301076,1909f56bfc062723c751e8b465ee728b)  -> (artifact id: 'ab39b9e2402c4a06d37b5334ba002d36') in 0.033248 seconds
  Import took 0.063792 seconds .

========================================================================
Received Import Request.
  Time since last request: 0.000095 seconds.
  path: Assets/Walls/InsiderCorner.png
  artifactKey: Guid(51aa8af50d70943b4b3c092d9b26e033) Importer(815301076,1909f56bfc062723c751e8b465ee728b)
Start importing Assets/Walls/InsiderCorner.png using Guid(51aa8af50d70943b4b3c092d9b26e033) Importer(815301076,1909f56bfc062723c751e8b465ee728b)  -> (artifact id: 'b2cae581abb7db35a4c074bde8e80e70') in 0.026359 seconds
  Import took 0.034194 seconds .

========================================================================
Received Import Request.
  Time since last request: 0.000353 seconds.
  path: Assets/Walls/InsideWall.png
  artifactKey: Guid(82ed2e05195594eb297773535245e625) Importer(815301076,1909f56bfc062723c751e8b465ee728b)
Start importing Assets/Walls/InsideWall.png using Guid(82ed2e05195594eb297773535245e625) Importer(815301076,1909f56bfc062723c751e8b465ee728b)  -> (artifact id: '861eff6dc512db33c6085da05dba5665') in 0.022763 seconds
  Import took 0.036642 seconds .

========================================================================
Received Import Request.
  Time since last request: 0.000688 seconds.
  path: Assets/Walls/OutsideWall.png
  artifactKey: Guid(a38c6e00abf184aa598eee7e335e7480) Importer(815301076,1909f56bfc062723c751e8b465ee728b)
Start importing Assets/Walls/OutsideWall.png using Guid(a38c6e00abf184aa598eee7e335e7480) Importer(815301076,1909f56bfc062723c751e8b465ee728b)  -> (artifact id: 'f9493c35e08e5d3ee9e4da4c4b608f18') in 0.016286 seconds
  Import took 0.023717 seconds .

========================================================================
Received Import Request.
  Time since last request: 33.058942 seconds.
  path: Assets/Walls/InsiderCorner.png
  artifactKey: Guid(51aa8af50d70943b4b3c092d9b26e033) Importer(815301076,1909f56bfc062723c751e8b465ee728b)
Start importing Assets/Walls/InsiderCorner.png using Guid(51aa8af50d70943b4b3c092d9b26e033) Importer(815301076,1909f56bfc062723c751e8b465ee728b)  -> (artifact id: 'fdf2f97df6515609acf9f79279ac97bd') in 0.015857 seconds
  Import took 0.022815 seconds .

========================================================================
Received Import Request.
  Time since last request: 0.000407 seconds.
  path: Assets/Walls/OutsideCorner.png
  artifactKey: Guid(4d17ccf9408d24c4ab61e491acc20da8) Importer(815301076,1909f56bfc062723c751e8b465ee728b)
Start importing Assets/Walls/OutsideCorner.png using Guid(4d17ccf9408d24c4ab61e491acc20da8) Importer(815301076,1909f56bfc062723c751e8b465ee728b)  -> (artifact id: 'cd4718497206ab53f18daabe2bec6bc6') in 0.025166 seconds
  Import took 0.031896 seconds .

========================================================================
Received Import Request.
  Time since last request: 0.000362 seconds.
  path: Assets/Walls/TJunc.png
  artifactKey: Guid(ee96993c169b145328fb676b87792566) Importer(815301076,1909f56bfc062723c751e8b465ee728b)
Start importing Assets/Walls/TJunc.png using Guid(ee96993c169b145328fb676b87792566) Importer(815301076,1909f56bfc062723c751e8b465ee728b)  -> (artifact id: 'e9c0fb81e04aab6d45c49034b465815d') in 0.014775 seconds
  Import took 0.021470 seconds .

========================================================================
Received Import Request.
  Time since last request: 0.000310 seconds.
  path: Assets/Walls/InsideWall.png
  artifactKey: Guid(82ed2e05195594eb297773535245e625) Importer(815301076,1909f56bfc062723c751e8b465ee728b)
Start importing Assets/Walls/InsideWall.png using Guid(82ed2e05195594eb297773535245e625) Importer(815301076,1909f56bfc062723c751e8b465ee728b)  -> (artifact id: '330016e561e546a648d8a88c58549bbe') in 0.013098 seconds
  Import took 0.019716 seconds .

========================================================================
Received Import Request.
  Time since last request: 0.000318 seconds.
  path: Assets/Walls/OutsideWall.png
  artifactKey: Guid(a38c6e00abf184aa598eee7e335e7480) Importer(815301076,1909f56bfc062723c751e8b465ee728b)
Start importing Assets/Walls/OutsideWall.png using Guid(a38c6e00abf184aa598eee7e335e7480) Importer(815301076,1909f56bfc062723c751e8b465ee728b)  -> (artifact id: '0fa29164efd3439851f421818313d89f') in 0.017036 seconds
  Import took 0.024054 seconds .

========================================================================
Received Import Request.
  Time since last request: 23.340906 seconds.
  path: Assets/Characters/MonsterYellow.png
  artifactKey: Guid(e512a4f83bb0b4577a1ab1d7cc14bb27) Importer(815301076,1909f56bfc062723c751e8b465ee728b)
Start importing Assets/Characters/MonsterYellow.png using Guid(e512a4f83bb0b4577a1ab1d7cc14bb27) Importer(815301076,1909f56bfc062723c751e8b465ee728b)  -> (artifact id: 'd997fa5a7240179895ce28a68bf230fe') in 0.014351 seconds
  Import took 0.019859 seconds .

========================================================================
Received Import Request.
  Time since last request: 0.000424 seconds.
  path: Assets/Characters/MonsterPink.png
  artifactKey: Guid(8a4aa5de0c8654666a69651ded1fea9e) Importer(815301076,1909f56bfc062723c751e8b465ee728b)
Start importing Assets/Characters/MonsterPink.png using Guid(8a4aa5de0c8654666a69651ded1fea9e) Importer(815301076,1909f56bfc062723c751e8b465ee728b)  -> (artifact id: '06bf641d63525f3721208b55be99a41b') in 0.014915 seconds
  Import took 0.024124 seconds .

========================================================================
Received Import Request.
  Time since last request: 0.000379 seconds.
  path: Assets/Characters/PacStudent.png
  artifactKey: Guid(d05e4d8e60593491d91ee556ab8128a1) Importer(815301076,1909f56bfc062723c751e8b465ee728b)
Start importing Assets/Characters/PacStudent.png using Guid(d05e4d8e60593491d91ee556ab8128a1) Importer(815301076,1909f56bfc062723c751e8b465ee728b)  -> (artifact id: '49b5b5f3b3e27f63af60a75815d8e6d7') in 0.031409 seconds
  Import took 0.038289 seconds .

========================================================================
Received Import Request.
  Time since last request: 0.000363 seconds.
  path: Assets/Characters/MonsterRed.png
  artifactKey: Guid(2db42376f24604a2c81ae0876bdd9a82) Importer(815301076,1909f56bfc062723c751e8b465ee728b)
Start importing Assets/Characters/MonsterRed.png using Guid(2db42376f24604a2c81ae0876bdd9a82) Importer(815301076,1909f56bfc062723c751e8b465ee728b)  -> (artifact id: '7573cdaf204655d56d94bf302da3af91') in 0.017111 seconds
  Import took 0.024656 seconds .

========================================================================
Received Import Request.
  Time since last request: 0.000292 seconds.
  path: Assets/Characters/MonsterScared.png
  artifactKey: Guid(a96d165b398db4b7ebff63b97393e299) Importer(815301076,1909f56bfc062723c751e8b465ee728b)
Start importing Assets/Characters/MonsterScared.png using Guid(a96d165b398db4b7ebff63b97393e299) Importer(815301076,1909f56bfc062723c751e8b465ee728b)  -> (artifact id: 'eae384d1eb58464ac9407afe64092e45') in 0.013378 seconds
  Import took 0.020840 seconds .

========================================================================
Received Import Request.
  Time since last request: 0.000524 seconds.
  path: Assets/Characters/MonsterYellow.png
  artifactKey: Guid(e512a4f83bb0b4577a1ab1d7cc14bb27) Importer(815301076,1909f56bfc062723c751e8b465ee728b)
Start importing Assets/Characters/MonsterYellow.png using Guid(e512a4f83bb0b4577a1ab1d7cc14bb27) Importer(815301076,1909f56bfc062723c751e8b465ee728b)  -> (artifact id: 'd997fa5a7240179895ce28a68bf230fe') in 0.019383 seconds
  Import took 0.027804 seconds .

========================================================================
Received Import Request.
  Time since last request: 2.606257 seconds.
  path: Assets/Items/BonusApple.png
  artifactKey: Guid(4cb1d29d9507248068fde415b9808202) Importer(815301076,1909f56bfc062723c751e8b465ee728b)
Start importing Assets/Items/BonusApple.png using Guid(4cb1d29d9507248068fde415b9808202) Importer(815301076,1909f56bfc062723c751e8b465ee728b)  -> (artifact id: '00717497bc2d0e4224635e1232456983') in 0.009946 seconds
  Import took 0.015168 seconds .

========================================================================
Received Import Request.
  Time since last request: 0.000359 seconds.
  path: Assets/Items/PowerPellet.png
  artifactKey: Guid(19e2b33c35b2b4e01a52bbc6e7f38c8e) Importer(815301076,1909f56bfc062723c751e8b465ee728b)
Start importing Assets/Items/PowerPellet.png using Guid(19e2b33c35b2b4e01a52bbc6e7f38c8e) Importer(815301076,1909f56bfc062723c751e8b465ee728b)  -> (artifact id: '453bc085ff368cdcc6ef822436e29522') in 0.011574 seconds
  Import took 0.015853 seconds .

========================================================================
Received Import Request.
  Time since last request: 0.000396 seconds.
  path: Assets/Items/Pellet.png
  artifactKey: Guid(d73c3efff8c7d49ac8b7c6c8732139ed) Importer(815301076,1909f56bfc062723c751e8b465ee728b)
Start importing Assets/Items/Pellet.png using Guid(d73c3efff8c7d49ac8b7c6c8732139ed) Importer(815301076,1909f56bfc062723c751e8b465ee728b)  -> (artifact id: 'b2c82ba40687be3f3177e13059acab03') in 0.014467 seconds
  Import took 0.018977 seconds .

========================================================================
Received Import Request.
  Time since last request: 0.000306 seconds.
  path: Assets/Items/Lives.png
  artifactKey: Guid(6782622695dd74093b43b89f4e61ff42) Importer(815301076,1909f56bfc062723c751e8b465ee728b)
Start importing Assets/Items/Lives.png using Guid(6782622695dd74093b43b89f4e61ff42) Importer(815301076,1909f56bfc062723c751e8b465ee728b)  -> (artifact id: '3b82113f7ce197973e5b45fac8f15647') in 0.014252 seconds
  Import took 0.019073 seconds .

========================================================================
Received Import Request.
  Time since last request: 14.957752 seconds.
  path: Assets/Items/BonusApple.png
  artifactKey: Guid(4cb1d29d9507248068fde415b9808202) Importer(815301076,1909f56bfc062723c751e8b465ee728b)
Start importing Assets/Items/BonusApple.png using Guid(4cb1d29d9507248068fde415b9808202) Importer(815301076,1909f56bfc062723c751e8b465ee728b)  -> (artifact id: '76a956499b8a02b2d3efd6f4fd9887af') in 0.016924 seconds
  Import took 0.024563 seconds .

========================================================================
Received Import Request.
  Time since last request: 0.000453 seconds.
  path: Assets/Items/PowerPellet.png
  artifactKey: Guid(19e2b33c35b2b4e01a52bbc6e7f38c8e) Importer(815301076,1909f56bfc062723c751e8b465ee728b)
Start importing Assets/Items/PowerPellet.png using Guid(19e2b33c35b2b4e01a52bbc6e7f38c8e) Importer(815301076,1909f56bfc062723c751e8b465ee728b)  -> (artifact id: 'ef78ede39a5f5b325e0fdcbc1e33038a') in 0.024286 seconds
  Import took 0.033216 seconds .

========================================================================
Received Import Request.
  Time since last request: 0.000342 seconds.
  path: Assets/Items/Pellet.png
  artifactKey: Guid(d73c3efff8c7d49ac8b7c6c8732139ed) Importer(815301076,1909f56bfc062723c751e8b465ee728b)
Start importing Assets/Items/Pellet.png using Guid(d73c3efff8c7d49ac8b7c6c8732139ed) Importer(815301076,1909f56bfc062723c751e8b465ee728b)  -> (artifact id: 'fba3fc7a945d065b084aa7d43ad6882b') in 0.013931 seconds
  Import took 0.021513 seconds .

========================================================================
Received Import Request.
  Time since last request: 0.000585 seconds.
  path: Assets/Items/Lives.png
  artifactKey: Guid(6782622695dd74093b43b89f4e61ff42) Importer(815301076,1909f56bfc062723c751e8b465ee728b)
Start importing Assets/Items/Lives.png using Guid(6782622695dd74093b43b89f4e61ff42) Importer(815301076,1909f56bfc062723c751e8b465ee728b)  -> (artifact id: '0eeb15e4f2f1651e007f75fba0f5f3a4') in 0.010440 seconds
  Import took 0.024331 seconds .

========================================================================
Received Import Request.
  Time since last request: 126.734056 seconds.
  path: Assets/Tiles
  artifactKey: Guid(7df2e6b1e376b4edf97b995565220510) Importer(815301076,1909f56bfc062723c751e8b465ee728b)
Start importing Assets/Tiles using Guid(7df2e6b1e376b4edf97b995565220510) Importer(815301076,1909f56bfc062723c751e8b465ee728b)  -> (artifact id: 'ebcd2efc00d94f86a7d69a9592752756') in 0.002245 seconds
  Import took 0.011689 seconds .

========================================================================
Received Import Request.
  Time since last request: 470.659629 seconds.
  path: Assets/Tiles/InsiderCorner.asset
  artifactKey: Guid(1a4c153c4c94142e687ec8c8e937664c) Importer(815301076,1909f56bfc062723c751e8b465ee728b)
Start importing Assets/Tiles/InsiderCorner.asset using Guid(1a4c153c4c94142e687ec8c8e937664c) Importer(815301076,1909f56bfc062723c751e8b465ee728b)  -> (artifact id: '1d3195202b0f58b9fa6ba717c2ad8afd') in 0.009727 seconds
  Import took 0.016265 seconds .

========================================================================
Received Import Request.
  Time since last request: 0.000402 seconds.
  path: Assets/Tiles/Tile_Pallete.prefab
  artifactKey: Guid(c1325b20e12b346f784f0337bb2b8975) Importer(815301076,1909f56bfc062723c751e8b465ee728b)
Start importing Assets/Tiles/Tile_Pallete.prefab using Guid(c1325b20e12b346f784f0337bb2b8975) Importer(815301076,1909f56bfc062723c751e8b465ee728b)  -> (artifact id: '480ebf3da79b9262a6b5e5e3d7f01a32') in 0.487164 seconds
  Import took 0.491772 seconds .

========================================================================
Received Import Request.
  Time since last request: 0.000429 seconds.
  path: Assets/Tiles/OutsideWall.asset
  artifactKey: Guid(281d0b3d23a6846ad98ec7393db742c8) Importer(815301076,1909f56bfc062723c751e8b465ee728b)
Start importing Assets/Tiles/OutsideWall.asset using Guid(281d0b3d23a6846ad98ec7393db742c8) Importer(815301076,1909f56bfc062723c751e8b465ee728b)  -> (artifact id: '55b430093ee07f345f51ab9c28b3021e') in 0.009201 seconds
  Import took 0.018201 seconds .

========================================================================
Received Import Request.
  Time since last request: 0.000460 seconds.
  path: Assets/Tiles/TJunc.asset
  artifactKey: Guid(4c2edfb719bbf43d09b5424ed60395ee) Importer(815301076,1909f56bfc062723c751e8b465ee728b)
Start importing Assets/Tiles/TJunc.asset using Guid(4c2edfb719bbf43d09b5424ed60395ee) Importer(815301076,1909f56bfc062723c751e8b465ee728b)  -> (artifact id: '4bcdfa85e55cef4709e69d47068f14d1') in 0.008229 seconds
  Import took 0.015503 seconds .

========================================================================
Received Import Request.
  Time since last request: 0.000380 seconds.
  path: Assets/Tiles/InsideWall.asset
  artifactKey: Guid(4d8a59fdcfab8444daf8c665496a0726) Importer(815301076,1909f56bfc062723c751e8b465ee728b)
Start importing Assets/Tiles/InsideWall.asset using Guid(4d8a59fdcfab8444daf8c665496a0726) Importer(815301076,1909f56bfc062723c751e8b465ee728b)  -> (artifact id: 'c6cb7a741fd678688b85649f740b9618') in 0.012052 seconds
  Import took 0.021956 seconds .

========================================================================
Received Import Request.
  Time since last request: 0.001086 seconds.
  path: Assets/Tiles/OutsideCorner.asset
  artifactKey: Guid(86426141c1ef840f8ab082c48264fbc8) Importer(815301076,1909f56bfc062723c751e8b465ee728b)
Start importing Assets/Tiles/OutsideCorner.asset using Guid(86426141c1ef840f8ab082c48264fbc8) Importer(815301076,1909f56bfc062723c751e8b465ee728b)  -> (artifact id: 'f12334b0ac6e5282ef933a5adac2ab62') in 0.009753 seconds
  Import took 0.022793 seconds .

========================================================================
Received Import Request.
  Time since last request: 520.994628 seconds.
  path: Assets/Walls/New Piskel.png
  artifactKey: Guid(2e3a307660c344b7f844712d7d8c8408) Importer(815301076,1909f56bfc062723c751e8b465ee728b)
Start importing Assets/Walls/New Piskel.png using Guid(2e3a307660c344b7f844712d7d8c8408) Importer(815301076,1909f56bfc062723c751e8b465ee728b)  -> (artifact id: 'e9706b0cc7c6c6e1db0dc3b3d814719e') in 0.023915 seconds
  Import took 0.034899 seconds .

========================================================================
Received Import Request.
  Time since last request: 14.124678 seconds.
  path: Assets/Walls/New Piskel.png
  artifactKey: Guid(2e3a307660c344b7f844712d7d8c8408) Importer(815301076,1909f56bfc062723c751e8b465ee728b)
Start importing Assets/Walls/New Piskel.png using Guid(2e3a307660c344b7f844712d7d8c8408) Importer(815301076,1909f56bfc062723c751e8b465ee728b)  -> (artifact id: 'e803d9367847adf3b3d585cbaa75b3d5') in 0.013077 seconds
  Import took 0.018116 seconds .

========================================================================
Received Import Request.
  Time since last request: 0.050565 seconds.
  path: Assets/Walls/New Piskel.png
  artifactKey: Guid(2e3a307660c344b7f844712d7d8c8408) Importer(815301076,1909f56bfc062723c751e8b465ee728b)
Start importing Assets/Walls/New Piskel.png using Guid(2e3a307660c344b7f844712d7d8c8408) Importer(815301076,1909f56bfc062723c751e8b465ee728b)  -> (artifact id: 'e803d9367847adf3b3d585cbaa75b3d5') in 0.012458 seconds
  Import took 0.022555 seconds .

========================================================================
Received Import Request.
  Time since last request: 185.261692 seconds.
  path: Assets/Walls/Tiles
  artifactKey: Guid(6e9d03d70824348049c29f7550439fb1) Importer(815301076,1909f56bfc062723c751e8b465ee728b)
Start importing Assets/Walls/Tiles using Guid(6e9d03d70824348049c29f7550439fb1) Importer(815301076,1909f56bfc062723c751e8b465ee728b)  -> (artifact id: '1efe98ad1505b362bac73d1ce7e1a124') in 0.002486 seconds
  Import took 0.010722 seconds .

========================================================================
Received Import Request.
  Time since last request: 290.595630 seconds.
  path: Assets/Walls/New Piskel.png
  artifactKey: Guid(2e3a307660c344b7f844712d7d8c8408) Importer(815301076,1909f56bfc062723c751e8b465ee728b)
Start importing Assets/Walls/New Piskel.png using Guid(2e3a307660c344b7f844712d7d8c8408) Importer(815301076,1909f56bfc062723c751e8b465ee728b)  -> (artifact id: 'e64244339fb0618ebab64879e0853b1e') in 0.032926 seconds
  Import took 0.038816 seconds .

========================================================================
Received Import Request.
  Time since last request: 12.228035 seconds.
  path: Assets/Walls/New Piskel.png
  artifactKey: Guid(2e3a307660c344b7f844712d7d8c8408) Importer(815301076,1909f56bfc062723c751e8b465ee728b)
Start importing Assets/Walls/New Piskel.png using Guid(2e3a307660c344b7f844712d7d8c8408) Importer(815301076,1909f56bfc062723c751e8b465ee728b)  -> (artifact id: '73639e0273d56c885bd2334286b0d33d') in 0.035338 seconds
  Import took 0.042599 seconds .

========================================================================
Received Import Request.
  Time since last request: 584.216182 seconds.
  path: Assets/Tiles/New Piskel.asset
  artifactKey: Guid(c58275816869147a5b845c001296db49) Importer(815301076,1909f56bfc062723c751e8b465ee728b)
Start importing Assets/Tiles/New Piskel.asset using Guid(c58275816869147a5b845c001296db49) Importer(815301076,1909f56bfc062723c751e8b465ee728b)  -> (artifact id: '32d08c468ad6b1d720c2d75e20867837') in 0.286526 seconds
  Import took 0.291480 seconds .

========================================================================
Received Import Request.
  Time since last request: 0.000418 seconds.
  path: Assets/Tiles/Tile_Pallete.prefab
  artifactKey: Guid(c1325b20e12b346f784f0337bb2b8975) Importer(815301076,1909f56bfc062723c751e8b465ee728b)
Start importing Assets/Tiles/Tile_Pallete.prefab using Guid(c1325b20e12b346f784f0337bb2b8975) Importer(815301076,1909f56bfc062723c751e8b465ee728b)  -> (artifact id: 'e13a810c832ea76ff565f1dc9218d027') in 0.006777 seconds
  Import took 0.011198 seconds .

========================================================================
Received Import Request.
  Time since last request: 7.921760 seconds.
  path: Assets/Walls/New Piskel (1).png
  artifactKey: Guid(33619ab39ee6144759b59b441876e92f) Importer(815301076,1909f56bfc062723c751e8b465ee728b)
Start importing Assets/Walls/New Piskel (1).png using Guid(33619ab39ee6144759b59b441876e92f) Importer(815301076,1909f56bfc062723c751e8b465ee728b)  -> (artifact id: '60c879dc4ab9befa3374a1c7751c9921') in 0.021898 seconds
  Import took 0.032730 seconds .

========================================================================
Received Import Request.
  Time since last request: 0.000615 seconds.
  path: Assets/Walls/New Piskel (2).png
  artifactKey: Guid(8af98f1baf0f849fabf7251951f6d974) Importer(815301076,1909f56bfc062723c751e8b465ee728b)
Start importing Assets/Walls/New Piskel (2).png using Guid(8af98f1baf0f849fabf7251951f6d974) Importer(815301076,1909f56bfc062723c751e8b465ee728b)  -> (artifact id: '9e3aa89cdbc03bcba37ab56faa4fa6b6') in 0.011337 seconds
  Import took 0.017924 seconds .

========================================================================
Received Import Request.
  Time since last request: 30.164840 seconds.
  path: Assets/Walls/New Piskel (1).png
  artifactKey: Guid(33619ab39ee6144759b59b441876e92f) Importer(815301076,1909f56bfc062723c751e8b465ee728b)
Start importing Assets/Walls/New Piskel (1).png using Guid(33619ab39ee6144759b59b441876e92f) Importer(815301076,1909f56bfc062723c751e8b465ee728b)  -> (artifact id: '737e1bfc17a57f97c1c2b0ad0a5a487c') in 0.026449 seconds
  Import took 0.033142 seconds .

========================================================================
Received Import Request.
  Time since last request: 11.092803 seconds.
  path: Assets/Walls/New Piskel (2).png
  artifactKey: Guid(8af98f1baf0f849fabf7251951f6d974) Importer(815301076,1909f56bfc062723c751e8b465ee728b)
Start importing Assets/Walls/New Piskel (2).png using Guid(8af98f1baf0f849fabf7251951f6d974) Importer(815301076,1909f56bfc062723c751e8b465ee728b)  -> (artifact id: 'fa013bb4a58dd1ddccdf6a719cf937c0') in 0.034335 seconds
  Import took 0.039999 seconds .

========================================================================
Received Import Request.
  Time since last request: 126.004736 seconds.
  path: Assets/Walls/New Piskel (3).png
  artifactKey: Guid(ffbe7255a739d43e083dcf474639d064) Importer(815301076,1909f56bfc062723c751e8b465ee728b)
Start importing Assets/Walls/New Piskel (3).png using Guid(ffbe7255a739d43e083dcf474639d064) Importer(815301076,1909f56bfc062723c751e8b465ee728b)  -> (artifact id: 'feb651d070ded63d008e3579c8508044') in 0.040544 seconds
  Import took 0.049894 seconds .

========================================================================
Received Import Request.
  Time since last request: 8.368482 seconds.
  path: Assets/Walls/New Piskel (3).png
  artifactKey: Guid(ffbe7255a739d43e083dcf474639d064) Importer(815301076,1909f56bfc062723c751e8b465ee728b)
Start importing Assets/Walls/New Piskel (3).png using Guid(ffbe7255a739d43e083dcf474639d064) Importer(815301076,1909f56bfc062723c751e8b465ee728b)  -> (artifact id: '77858d9e2789311b39f5a3b5c1723ae9') in 0.033638 seconds
  Import took 0.042062 seconds .

========================================================================
Received Import Request.
  Time since last request: 137.440854 seconds.
  path: Assets/Walls/New Piskel (3).png
  artifactKey: Guid(ffbe7255a739d43e083dcf474639d064) Importer(815301076,1909f56bfc062723c751e8b465ee728b)
Start importing Assets/Walls/New Piskel (3).png using Guid(ffbe7255a739d43e083dcf474639d064) Importer(815301076,1909f56bfc062723c751e8b465ee728b)  -> (artifact id: '54d775deff37c6b8d320b21d0153afad') in 0.024668 seconds
  Import took 0.035673 seconds .

========================================================================
Received Import Request.
  Time since last request: 7.527152 seconds.
  path: Assets/Walls/New Piskel (3).png
  artifactKey: Guid(ffbe7255a739d43e083dcf474639d064) Importer(815301076,1909f56bfc062723c751e8b465ee728b)
Start importing Assets/Walls/New Piskel (3).png using Guid(ffbe7255a739d43e083dcf474639d064) Importer(815301076,1909f56bfc062723c751e8b465ee728b)  -> (artifact id: '5a81824b1c6db745acc9624f57739b9c') in 0.024395 seconds
  Import took 0.033293 seconds .

========================================================================
Received Import Request.
  Time since last request: 46.887918 seconds.
  path: Assets/Tiles/New Piskel (1).asset
  artifactKey: Guid(d9e52c0c6cc8a4d34b8428bfca3a4d38) Importer(815301076,1909f56bfc062723c751e8b465ee728b)
Start importing Assets/Tiles/New Piskel (1).asset using Guid(d9e52c0c6cc8a4d34b8428bfca3a4d38) Importer(815301076,1909f56bfc062723c751e8b465ee728b)  -> (artifact id: '17c4b1349aa9ba33b4a5255fdf821ffd') in 0.014016 seconds
  Import took 0.020306 seconds .

========================================================================
Received Import Request.
  Time since last request: 0.000382 seconds.
  path: Assets/Tiles/New Piskel (2).asset
  artifactKey: Guid(a4113ea80452c4fc98da6b2fe28302c7) Importer(815301076,1909f56bfc062723c751e8b465ee728b)
Start importing Assets/Tiles/New Piskel (2).asset using Guid(a4113ea80452c4fc98da6b2fe28302c7) Importer(815301076,1909f56bfc062723c751e8b465ee728b)  -> (artifact id: '2bd4604ab7a08e5f0b5eb52eac42d218') in 0.010416 seconds
  Import took 0.015122 seconds .

========================================================================
Received Import Request.
  Time since last request: 0.000299 seconds.
  path: Assets/Tiles/New Piskel (3).asset
  artifactKey: Guid(c36b1e90422434994a91263b56cde759) Importer(815301076,1909f56bfc062723c751e8b465ee728b)
Start importing Assets/Tiles/New Piskel (3).asset using Guid(c36b1e90422434994a91263b56cde759) Importer(815301076,1909f56bfc062723c751e8b465ee728b)  -> (artifact id: '9f888c594c79a0f86c7bd086421241b4') in 0.009587 seconds
  Import took 0.015186 seconds .

========================================================================
Received Import Request.
  Time since last request: 0.000439 seconds.
  path: Assets/Tiles/Tile_Pallete.prefab
  artifactKey: Guid(c1325b20e12b346f784f0337bb2b8975) Importer(815301076,1909f56bfc062723c751e8b465ee728b)
Start importing Assets/Tiles/Tile_Pallete.prefab using Guid(c1325b20e12b346f784f0337bb2b8975) Importer(815301076,1909f56bfc062723c751e8b465ee728b)  -> (artifact id: '074ce050c99798e3afafd69674799cb7') in 0.015463 seconds
  Import took 0.025516 seconds .

========================================================================
Received Import Request.
  Time since last request: 141.966267 seconds.
  path: Assets/Walls/New Piskel (4).png
  artifactKey: Guid(08271e3423c984994a317ebdaf87ae19) Importer(815301076,1909f56bfc062723c751e8b465ee728b)
Start importing Assets/Walls/New Piskel (4).png using Guid(08271e3423c984994a317ebdaf87ae19) Importer(815301076,1909f56bfc062723c751e8b465ee728b)  -> (artifact id: 'bb524bb737c4b2f6729ddace8bb2fd7f') in 0.035790 seconds
  Import took 0.045354 seconds .

========================================================================
Received Import Request.
  Time since last request: 11.110437 seconds.
  path: Assets/Walls/New Piskel (4).png
  artifactKey: Guid(08271e3423c984994a317ebdaf87ae19) Importer(815301076,1909f56bfc062723c751e8b465ee728b)
Start importing Assets/Walls/New Piskel (4).png using Guid(08271e3423c984994a317ebdaf87ae19) Importer(815301076,1909f56bfc062723c751e8b465ee728b)  -> (artifact id: 'ca45269da71e3f414d907839241b9730') in 0.043308 seconds
  Import took 0.054363 seconds .

========================================================================
Received Import Request.
  Time since last request: 95.086687 seconds.
  path: Assets/Walls/New Piskel (5).png
  artifactKey: Guid(e5036d492b462471d8a66335215654ca) Importer(815301076,1909f56bfc062723c751e8b465ee728b)
Start importing Assets/Walls/New Piskel (5).png using Guid(e5036d492b462471d8a66335215654ca) Importer(815301076,1909f56bfc062723c751e8b465ee728b)  -> (artifact id: '1e30b029fc08afca06824342618765f9') in 0.021432 seconds
  Import took 0.031553 seconds .

========================================================================
Received Import Request.
  Time since last request: 8.706613 seconds.
  path: Assets/Walls/New Piskel (5).png
  artifactKey: Guid(e5036d492b462471d8a66335215654ca) Importer(815301076,1909f56bfc062723c751e8b465ee728b)
Start importing Assets/Walls/New Piskel (5).png using Guid(e5036d492b462471d8a66335215654ca) Importer(815301076,1909f56bfc062723c751e8b465ee728b)  -> (artifact id: '9083f62260ff339c8c7a599bc2ce8467') in 0.028520 seconds
  Import took 0.037837 seconds .

========================================================================
Received Import Request.
  Time since last request: 76.957551 seconds.
  path: Assets/Tiles/New Piskel (4).asset
  artifactKey: Guid(cdd203ae94fb64fb286b7d79d48759e3) Importer(815301076,1909f56bfc062723c751e8b465ee728b)
Start importing Assets/Tiles/New Piskel (4).asset using Guid(cdd203ae94fb64fb286b7d79d48759e3) Importer(815301076,1909f56bfc062723c751e8b465ee728b)  -> (artifact id: 'e93f7a2d2778588f5e5f4fc01df7b3ce') in 0.006137 seconds
  Import took 0.012301 seconds .

========================================================================
Received Import Request.
  Time since last request: 0.000308 seconds.
  path: Assets/Tiles/New Piskel (5).asset
  artifactKey: Guid(c82f727411cbe4403add52aa453444b2) Importer(815301076,1909f56bfc062723c751e8b465ee728b)
Start importing Assets/Tiles/New Piskel (5).asset using Guid(c82f727411cbe4403add52aa453444b2) Importer(815301076,1909f56bfc062723c751e8b465ee728b)  -> (artifact id: 'ce48e4a22d82954d0445be849a148a1a') in 0.013063 seconds
  Import took 0.020241 seconds .

========================================================================
Received Import Request.
  Time since last request: 0.000408 seconds.
  path: Assets/Tiles/Tile_Pallete.prefab
  artifactKey: Guid(c1325b20e12b346f784f0337bb2b8975) Importer(815301076,1909f56bfc062723c751e8b465ee728b)
Start importing Assets/Tiles/Tile_Pallete.prefab using Guid(c1325b20e12b346f784f0337bb2b8975) Importer(815301076,1909f56bfc062723c751e8b465ee728b)  -> (artifact id: 'd7d543ccc26d1c1558ca31004f768eff') in 0.010763 seconds
  Import took 0.018508 seconds .

