Using pre-set license

 COMMAND LINE ARGUMENTS:
/Applications/Unity/Hub/Editor/2020.2.4f1/Unity.app/Contents/MacOS/Unity
-adb2
-batchMode
-noUpm
-name
AssetImportWorker0
-projectPath
/Users/hugo.tien/Desktop/Pacman/Pacman
-logFile
Logs/AssetImportWorker0.log
-srvPort
50159
Successfully changed project path to: /Users/hugo.tien/Desktop/Pacman/Pacman
/Users/hugo.tien/Desktop/Pacman/Pacman
Using Asset Import Pipeline V2.
Refreshing native plugins compatible for Editor in 59.89 ms, found 2 plugins.
Preloading 0 native plugins for Editor in 0.00 ms.
Initialize engine version: 2020.2.4f1 (becced5a802b)
[Subsystems] Discovering subsystems at path /Applications/Unity/Hub/Editor/2020.2.4f1/Unity.app/Contents/Resources/UnitySubsystems
[Subsystems] Discovering subsystems at path /Users/hugo.tien/Desktop/Pacman/Pacman/Assets
GfxDevice: creating device client; threaded=0
2021-11-04 21:52:09.990 Unity[5918:200053] Color LCD preferred device: Intel(R) Iris(TM) Graphics 6000 (low power)
2021-11-04 21:52:09.990 Unity[5918:200053] Metal devices available: 1
2021-11-04 21:52:09.991 Unity[5918:200053] 0: Intel(R) Iris(TM) Graphics 6000 (low power)
2021-11-04 21:52:09.991 Unity[5918:200053] Using device Intel(R) Iris(TM) Graphics 6000 (low power)
Initializing Metal device caps: Intel(R) Iris(TM) Graphics 6000
Initialize mono
Mono path[0] = '/Applications/Unity/Hub/Editor/2020.2.4f1/Unity.app/Contents/Managed'
Mono path[1] = '/Applications/Unity/Hub/Editor/2020.2.4f1/Unity.app/Contents/MonoBleedingEdge/lib/mono/unityjit'
Mono config path = '/Applications/Unity/Hub/Editor/2020.2.4f1/Unity.app/Contents/MonoBleedingEdge/etc'
Using monoOptions --debugger-agent=transport=dt_socket,embedding=1,server=y,suspend=n,address=127.0.0.1:56918
Begin MonoManager ReloadAssembly
Registering precompiled unity dll's ...
Register platform support module: /Applications/Unity/Hub/Editor/2020.2.4f1/Unity.app/Contents/PlaybackEngines/MacStandaloneSupport/UnityEditor.OSXStandalone.Extensions.dll
Registered in 0.000684 seconds.
Native extension for OSXStandalone target not found
Refreshing native plugins compatible for Editor in 64.60 ms, found 2 plugins.
Preloading 0 native plugins for Editor in 0.00 ms.
Invoked RoslynAnalysisRunner static constructor.
RoslynAnalysisRunner will not be running.
RoslynAnalysisRunner has terminated.
Mono: successfully reloaded assembly
- Completed reload, in  6.240 seconds
Platform modules already initialized, skipping
Registering precompiled user dll's ...
Registered in 0.000814 seconds.
Begin MonoManager ReloadAssembly
Native extension for OSXStandalone target not found
Refreshing native plugins compatible for Editor in 51.14 ms, found 2 plugins.
Preloading 0 native plugins for Editor in 0.00 ms.
Invoked RoslynAnalysisRunner static constructor.
RoslynAnalysisRunner will not be running.
RoslynAnalysisRunner has terminated.
Mono: successfully reloaded assembly
- Completed reload, in  1.565 seconds
Platform modules already initialized, skipping
========================================================================
Worker process is ready to serve import requests
Launching external process: /Applications/Unity/Hub/Editor/2020.2.4f1/Unity.app/Contents/Tools/UnityShaderCompiler
Launched and connected shader compiler UnityShaderCompiler after 0.02 seconds
Refreshing native plugins compatible for Editor in 0.39 ms, found 2 plugins.
Preloading 0 native plugins for Editor in 0.00 ms.
Unloading 1799 Unused Serialized files (Serialized files now loaded: 0)
System memory in use before: 171.6 MB.
System memory in use after: 171.5 MB.

Unloading 24 unused Assets to reduce memory usage. Loaded Objects now: 2240.
Total: 4.039973 ms (FindLiveObjects: 0.684531 ms CreateObjectMapping: 0.260766 ms MarkObjects: 2.915934 ms  DeleteObjects: 0.176996 ms)

========================================================================
Received Import Request.
  path: Assets/Prefabs/Pellet.prefab
  artifactKey: Guid(ee1a53761956142b6a471ff73ca1a923) Importer(815301076,1909f56bfc062723c751e8b465ee728b)
Start importing Assets/Prefabs/Pellet.prefab using Guid(ee1a53761956142b6a471ff73ca1a923) Importer(815301076,1909f56bfc062723c751e8b465ee728b)  -> (artifact id: '41770c70f20e7ddb3f6924cfff5b9d64') in 1.933148 seconds
  Import took 1.942024 seconds .

========================================================================
Received Import Request.
  Time since last request: 0.000443 seconds.
  path: Assets/Prefabs/Power_Pellet.prefab
  artifactKey: Guid(d4d7bb90e31e3424d805b411d32e6f51) Importer(815301076,1909f56bfc062723c751e8b465ee728b)
Start importing Assets/Prefabs/Power_Pellet.prefab using Guid(d4d7bb90e31e3424d805b411d32e6f51) Importer(815301076,1909f56bfc062723c751e8b465ee728b)  -> (artifact id: '229aa51bbc5f58007aecad224d1de4fd') in 0.005297 seconds
  Import took 0.010370 seconds .

========================================================================
Received Import Request.
  Time since last request: 188.036939 seconds.
  path: Assets/Audio Clips/GhostDead.wav
  artifactKey: Guid(f24327ce2f97a49a49852d0c478b6ac7) Importer(815301076,1909f56bfc062723c751e8b465ee728b)
Start importing Assets/Audio Clips/GhostDead.wav using Guid(f24327ce2f97a49a49852d0c478b6ac7) Importer(815301076,1909f56bfc062723c751e8b465ee728b)  -> (artifact id: '0517c835e7d7e9063e0d92bff3c1cdfd') in 1.815093 seconds
  Import took 1.822127 seconds .

========================================================================
Received Import Request.
  Time since last request: 0.000395 seconds.
  path: Assets/Audio Clips/NormGhost.wav
  artifactKey: Guid(15ffe2c36574f408c85aa3c423723a2c) Importer(815301076,1909f56bfc062723c751e8b465ee728b)
Start importing Assets/Audio Clips/NormGhost.wav using Guid(15ffe2c36574f408c85aa3c423723a2c) Importer(815301076,1909f56bfc062723c751e8b465ee728b)  -> (artifact id: '4eb623241e4a9424aa11e7dfba15862c') in 0.015919 seconds
  Import took 0.026162 seconds .

========================================================================
Received Import Request.
  Time since last request: 312.651376 seconds.
  path: Assets/Items/Pellet.asset
  artifactKey: Guid(2d186cad858d343f197b2f3f99126898) Importer(815301076,1909f56bfc062723c751e8b465ee728b)
Start importing Assets/Items/Pellet.asset using Guid(2d186cad858d343f197b2f3f99126898) Importer(815301076,1909f56bfc062723c751e8b465ee728b)  -> (artifact id: '3b439cec75d12e13b7d65dd1f8674f6b') in 0.129436 seconds
  Import took 0.136180 seconds .

========================================================================
Received Import Request.
  Time since last request: 0.000360 seconds.
  path: Assets/Items/PowerPellet (2).png
  artifactKey: Guid(868d86130567c4101bc3caf59ebc11a1) Importer(815301076,1909f56bfc062723c751e8b465ee728b)
Start importing Assets/Items/PowerPellet (2).png using Guid(868d86130567c4101bc3caf59ebc11a1) Importer(815301076,1909f56bfc062723c751e8b465ee728b)  -> (artifact id: 'ff7abc6d5531aa42afc15a00717ebfc6') in 1.575394 seconds
  Import took 1.580711 seconds .

========================================================================
Received Import Request.
  Time since last request: 0.000290 seconds.
  path: Assets/Items/Pellet.png
  artifactKey: Guid(d73c3efff8c7d49ac8b7c6c8732139ed) Importer(815301076,1909f56bfc062723c751e8b465ee728b)
Start importing Assets/Items/Pellet.png using Guid(d73c3efff8c7d49ac8b7c6c8732139ed) Importer(815301076,1909f56bfc062723c751e8b465ee728b)  -> (artifact id: '3bf83ee9246452af0be4c90aa125fa15') in 0.011555 seconds
  Import took 0.017079 seconds .

========================================================================
Received Import Request.
  Time since last request: 0.000282 seconds.
  path: Assets/Items/PowerPellet (1).png
  artifactKey: Guid(232187d220dd54a4ebe64c49ff0f4e3b) Importer(815301076,1909f56bfc062723c751e8b465ee728b)
Start importing Assets/Items/PowerPellet (1).png using Guid(232187d220dd54a4ebe64c49ff0f4e3b) Importer(815301076,1909f56bfc062723c751e8b465ee728b)  -> (artifact id: '22b30f3a3e3dcae0ff9cec407309d4f4') in 0.012678 seconds
  Import took 0.017477 seconds .

========================================================================
Received Import Request.
  Time since last request: 0.148942 seconds.
  path: Assets/Items/Pellet.png
  artifactKey: Guid(d73c3efff8c7d49ac8b7c6c8732139ed) Importer(815301076,1909f56bfc062723c751e8b465ee728b)
Start importing Assets/Items/Pellet.png using Guid(d73c3efff8c7d49ac8b7c6c8732139ed) Importer(815301076,1909f56bfc062723c751e8b465ee728b)  -> (artifact id: '3bf83ee9246452af0be4c90aa125fa15') in 0.032861 seconds
  Import took 0.038524 seconds .

========================================================================
Received Import Request.
  Time since last request: 13.597702 seconds.
  path: Assets/Tiles/OutsideWall 1.asset
  artifactKey: Guid(691549eb8250f43be87684c5f9961b55) Importer(815301076,1909f56bfc062723c751e8b465ee728b)
Start importing Assets/Tiles/OutsideWall 1.asset using Guid(691549eb8250f43be87684c5f9961b55) Importer(815301076,1909f56bfc062723c751e8b465ee728b)  -> (artifact id: '93db5dfe591cdd29b67f54d98ae59820') in 0.013449 seconds
  Import took 0.020039 seconds .

========================================================================
Received Import Request.
  Time since last request: 0.000449 seconds.
  path: Assets/Tiles/PowerPellet (1).asset
  artifactKey: Guid(65de858a535ca4d4cad1b578ccf896ff) Importer(815301076,1909f56bfc062723c751e8b465ee728b)
Start importing Assets/Tiles/PowerPellet (1).asset using Guid(65de858a535ca4d4cad1b578ccf896ff) Importer(815301076,1909f56bfc062723c751e8b465ee728b)  -> (artifact id: '19532f9e4fac51ecd0e358b377ba4382') in 0.014278 seconds
  Import took 0.022628 seconds .

========================================================================
Received Import Request.
  Time since last request: 0.000565 seconds.
  path: Assets/Tiles/OutsideWall.asset
  artifactKey: Guid(0c48f64b3ef7f49b0b84dd26e30de6ca) Importer(815301076,1909f56bfc062723c751e8b465ee728b)
Start importing Assets/Tiles/OutsideWall.asset using Guid(0c48f64b3ef7f49b0b84dd26e30de6ca) Importer(815301076,1909f56bfc062723c751e8b465ee728b)  -> (artifact id: '087288077258ff55adb98586c479afdf') in 0.016637 seconds
  Import took 0.023007 seconds .

========================================================================
Received Import Request.
  Time since last request: 0.000423 seconds.
  path: Assets/Tiles/Tile_Pallet.prefab
  artifactKey: Guid(11b67d5b6ffba4fccbadbcf88d188c8a) Importer(815301076,1909f56bfc062723c751e8b465ee728b)
Start importing Assets/Tiles/Tile_Pallet.prefab using Guid(11b67d5b6ffba4fccbadbcf88d188c8a) Importer(815301076,1909f56bfc062723c751e8b465ee728b)  -> (artifact id: '347cff65cec2f30d2f909e87843caf73') in 0.012812 seconds
  Import took 0.020305 seconds .

========================================================================
Received Import Request.
  Time since last request: 0.001320 seconds.
  path: Assets/Tiles/OutsideWall2.asset
  artifactKey: Guid(9f973f37554424afabd5e1cb92613b0a) Importer(815301076,1909f56bfc062723c751e8b465ee728b)
Start importing Assets/Tiles/OutsideWall2.asset using Guid(9f973f37554424afabd5e1cb92613b0a) Importer(815301076,1909f56bfc062723c751e8b465ee728b)  -> (artifact id: '2d61d4c0c45b88658f1f6e165171b6a7') in 0.030654 seconds
  Import took 0.038515 seconds .

========================================================================
Received Prepare
Registering precompiled user dll's ...
Registered in 0.001755 seconds.
Begin MonoManager ReloadAssembly
Native extension for OSXStandalone target not found
Refreshing native plugins compatible for Editor in 0.76 ms, found 2 plugins.
Preloading 0 native plugins for Editor in 0.00 ms.
Invoked RoslynAnalysisRunner static constructor.
RoslynAnalysisRunner will not be running.
RoslynAnalysisRunner has terminated.
Mono: successfully reloaded assembly
- Completed reload, in  1.300 seconds
Platform modules already initialized, skipping
Refreshing native plugins compatible for Editor in 0.78 ms, found 2 plugins.
Preloading 0 native plugins for Editor in 0.00 ms.
Unloading 1794 Unused Serialized files (Serialized files now loaded: 0)
System memory in use before: 192.4 MB.
System memory in use after: 192.4 MB.

Unloading 12 unused Assets to reduce memory usage. Loaded Objects now: 2257.
Total: 2.521839 ms (FindLiveObjects: 0.302966 ms CreateObjectMapping: 0.064804 ms MarkObjects: 2.018634 ms  DeleteObjects: 0.133963 ms)

========================================================================
Received Prepare
Registering precompiled user dll's ...
Registered in 0.001711 seconds.
Begin MonoManager ReloadAssembly
Native extension for OSXStandalone target not found
Refreshing native plugins compatible for Editor in 0.39 ms, found 2 plugins.
Preloading 0 native plugins for Editor in 0.00 ms.
Invoked RoslynAnalysisRunner static constructor.
RoslynAnalysisRunner will not be running.
RoslynAnalysisRunner has terminated.
Mono: successfully reloaded assembly
- Completed reload, in  1.147 seconds
Platform modules already initialized, skipping
Refreshing native plugins compatible for Editor in 0.43 ms, found 2 plugins.
Preloading 0 native plugins for Editor in 0.00 ms.
Unloading 1794 Unused Serialized files (Serialized files now loaded: 0)
System memory in use before: 192.7 MB.
System memory in use after: 192.6 MB.

Unloading 12 unused Assets to reduce memory usage. Loaded Objects now: 2260.
Total: 2.975125 ms (FindLiveObjects: 0.354912 ms CreateObjectMapping: 0.089285 ms MarkObjects: 2.405043 ms  DeleteObjects: 0.123767 ms)

========================================================================
Received Prepare
Registering precompiled user dll's ...
Registered in 0.000792 seconds.
Begin MonoManager ReloadAssembly
Native extension for OSXStandalone target not found
Refreshing native plugins compatible for Editor in 0.40 ms, found 2 plugins.
Preloading 0 native plugins for Editor in 0.00 ms.
Invoked RoslynAnalysisRunner static constructor.
RoslynAnalysisRunner will not be running.
RoslynAnalysisRunner has terminated.
Mono: successfully reloaded assembly
- Completed reload, in  1.704 seconds
Platform modules already initialized, skipping
Refreshing native plugins compatible for Editor in 0.41 ms, found 2 plugins.
Preloading 0 native plugins for Editor in 0.00 ms.
Unloading 1794 Unused Serialized files (Serialized files now loaded: 0)
System memory in use before: 192.9 MB.
System memory in use after: 192.9 MB.

Unloading 12 unused Assets to reduce memory usage. Loaded Objects now: 2263.
Total: 10.456936 ms (FindLiveObjects: 2.547511 ms CreateObjectMapping: 0.698143 ms MarkObjects: 7.019846 ms  DeleteObjects: 0.184320 ms)

========================================================================
Received Prepare
Registering precompiled user dll's ...
Registered in 0.002369 seconds.
Begin MonoManager ReloadAssembly
Native extension for OSXStandalone target not found
Refreshing native plugins compatible for Editor in 0.43 ms, found 2 plugins.
Preloading 0 native plugins for Editor in 0.00 ms.
Invoked RoslynAnalysisRunner static constructor.
RoslynAnalysisRunner will not be running.
RoslynAnalysisRunner has terminated.
Mono: successfully reloaded assembly
- Completed reload, in  1.248 seconds
Platform modules already initialized, skipping
Refreshing native plugins compatible for Editor in 0.58 ms, found 2 plugins.
Preloading 0 native plugins for Editor in 0.00 ms.
Unloading 1794 Unused Serialized files (Serialized files now loaded: 0)
System memory in use before: 193.1 MB.
System memory in use after: 193.1 MB.

Unloading 12 unused Assets to reduce memory usage. Loaded Objects now: 2266.
Total: 3.662762 ms (FindLiveObjects: 0.446104 ms CreateObjectMapping: 0.140613 ms MarkObjects: 2.948209 ms  DeleteObjects: 0.123903 ms)

========================================================================
Received Import Request.
  Time since last request: 5067.543001 seconds.
  path: Assets/Scenes/StartScene.unity
  artifactKey: Guid(523cd63ab0b49439abfd31602e36373f) Importer(815301076,1909f56bfc062723c751e8b465ee728b)
Start importing Assets/Scenes/StartScene.unity using Guid(523cd63ab0b49439abfd31602e36373f) Importer(815301076,1909f56bfc062723c751e8b465ee728b)  -> (artifact id: 'cabca6ec04f7b8903e1d63827f520e64') in 0.033112 seconds
  Import took 0.042199 seconds .

========================================================================
Received Import Request.
  Time since last request: 0.001078 seconds.
  path: Assets/Scenes/StartScene.unity
  artifactKey: Guid(523cd63ab0b49439abfd31602e36373f) Importer(815301076,1909f56bfc062723c751e8b465ee728b)
Start importing Assets/Scenes/StartScene.unity using Guid(523cd63ab0b49439abfd31602e36373f) Importer(815301076,1909f56bfc062723c751e8b465ee728b)  -> (artifact id: 'cabca6ec04f7b8903e1d63827f520e64') in 0.002108 seconds
  Import took 0.005952 seconds .

========================================================================
Received Prepare
Registering precompiled user dll's ...
Registered in 0.001802 seconds.
Begin MonoManager ReloadAssembly
Native extension for OSXStandalone target not found
Refreshing native plugins compatible for Editor in 0.40 ms, found 2 plugins.
Preloading 0 native plugins for Editor in 0.00 ms.
Invoked RoslynAnalysisRunner static constructor.
RoslynAnalysisRunner will not be running.
RoslynAnalysisRunner has terminated.
Mono: successfully reloaded assembly
- Completed reload, in  1.265 seconds
Platform modules already initialized, skipping
Refreshing native plugins compatible for Editor in 0.40 ms, found 2 plugins.
Preloading 0 native plugins for Editor in 0.00 ms.
Unloading 1808 Unused Serialized files (Serialized files now loaded: 0)
System memory in use before: 195.0 MB.
System memory in use after: 194.4 MB.

Unloading 25 unused Assets to reduce memory usage. Loaded Objects now: 2270.
Total: 4.073113 ms (FindLiveObjects: 0.411780 ms CreateObjectMapping: 0.174058 ms MarkObjects: 2.690001 ms  DeleteObjects: 0.794754 ms)

========================================================================
Received Import Request.
  Time since last request: 1003.256615 seconds.
  path: Assets/StartGame.cs
  artifactKey: Guid(b0b1acb3e2cc148d6a8ce65b9d8eed12) Importer(815301076,1909f56bfc062723c751e8b465ee728b)
Start importing Assets/StartGame.cs using Guid(b0b1acb3e2cc148d6a8ce65b9d8eed12) Importer(815301076,1909f56bfc062723c751e8b465ee728b)  -> (artifact id: 'ee9647f292b6e3f315f70ada408e7018') in 3.473871 seconds
  Import took 3.478596 seconds .

========================================================================
Received Import Request.
  Time since last request: 87.061550 seconds.
  path: Assets/StartGame.cs
  artifactKey: Guid(b0b1acb3e2cc148d6a8ce65b9d8eed12) Importer(815301076,1909f56bfc062723c751e8b465ee728b)
Start importing Assets/StartGame.cs using Guid(b0b1acb3e2cc148d6a8ce65b9d8eed12) Importer(815301076,1909f56bfc062723c751e8b465ee728b)  -> (artifact id: 'ae41b4a41351236819fc9e7a9dc0cc65') in 0.008375 seconds
  Import took 0.014642 seconds .

========================================================================
Received Prepare
Registering precompiled user dll's ...
Registered in 0.002667 seconds.
Begin MonoManager ReloadAssembly
Native extension for OSXStandalone target not found
Refreshing native plugins compatible for Editor in 0.40 ms, found 2 plugins.
Preloading 0 native plugins for Editor in 0.00 ms.
Invoked RoslynAnalysisRunner static constructor.
RoslynAnalysisRunner will not be running.
RoslynAnalysisRunner has terminated.
Mono: successfully reloaded assembly
- Completed reload, in  1.569 seconds
Platform modules already initialized, skipping
Refreshing native plugins compatible for Editor in 0.41 ms, found 2 plugins.
Preloading 0 native plugins for Editor in 0.00 ms.
Unloading 1808 Unused Serialized files (Serialized files now loaded: 0)
System memory in use before: 199.4 MB.
System memory in use after: 198.8 MB.

Unloading 25 unused Assets to reduce memory usage. Loaded Objects now: 2273.
Total: 4.229168 ms (FindLiveObjects: 0.318245 ms CreateObjectMapping: 0.084759 ms MarkObjects: 3.308000 ms  DeleteObjects: 0.515008 ms)

========================================================================
Received Import Request.
  Time since last request: 31.976175 seconds.
  path: Assets/Scenes/SampleScene.unity
  artifactKey: Guid(2cda990e2423bbf4892e6590ba056729) Importer(815301076,1909f56bfc062723c751e8b465ee728b)
Start importing Assets/Scenes/SampleScene.unity using Guid(2cda990e2423bbf4892e6590ba056729) Importer(815301076,1909f56bfc062723c751e8b465ee728b)  -> (artifact id: 'c5ee5f6833089ec01d6ceee4392dbbb7') in 0.014773 seconds
  Import took 0.018297 seconds .

========================================================================
Received Import Request.
  Time since last request: 0.003126 seconds.
  path: Assets/Scenes/SampleScene.unity
  artifactKey: Guid(2cda990e2423bbf4892e6590ba056729) Importer(815301076,1909f56bfc062723c751e8b465ee728b)
Start importing Assets/Scenes/SampleScene.unity using Guid(2cda990e2423bbf4892e6590ba056729) Importer(815301076,1909f56bfc062723c751e8b465ee728b)  -> (artifact id: 'c5ee5f6833089ec01d6ceee4392dbbb7') in 0.002252 seconds
  Import took 0.007015 seconds .

========================================================================
Received Import Request.
  Time since last request: 6.593782 seconds.
  path: Assets/Scenes/Level 1.unity
  artifactKey: Guid(2cda990e2423bbf4892e6590ba056729) Importer(815301076,1909f56bfc062723c751e8b465ee728b)
Start importing Assets/Scenes/Level 1.unity using Guid(2cda990e2423bbf4892e6590ba056729) Importer(815301076,1909f56bfc062723c751e8b465ee728b)  -> (artifact id: 'fb9fbf11e1b38ffdae61ace9a4ded787') in 0.003155 seconds
  Import took 0.011778 seconds .

========================================================================
Received Import Request.
  Time since last request: 27.974348 seconds.
  path: Assets/TextMesh Pro/Resources/Style Sheets/Default Style Sheet.asset
  artifactKey: Guid(f952c082cb03451daed3ee968ac6c63e) Importer(815301076,1909f56bfc062723c751e8b465ee728b)
Start importing Assets/TextMesh Pro/Resources/Style Sheets/Default Style Sheet.asset using Guid(f952c082cb03451daed3ee968ac6c63e) Importer(815301076,1909f56bfc062723c751e8b465ee728b)  -> (artifact id: '7a259c5ea2904fb5285c9e960ac72422') in 0.006984 seconds
  Import took 0.011498 seconds .

========================================================================
Received Import Request.
  Time since last request: 0.546935 seconds.
  path: Assets/TextMesh Pro/Sprites/EmojiOne.png
  artifactKey: Guid(dffef66376be4fa480fb02b19edbe903) Importer(815301076,1909f56bfc062723c751e8b465ee728b)
Start importing Assets/TextMesh Pro/Sprites/EmojiOne.png using Guid(dffef66376be4fa480fb02b19edbe903) Importer(815301076,1909f56bfc062723c751e8b465ee728b)  -> (artifact id: 'fbabab5dad562ffce9a6738077f59f5f') in 0.048723 seconds
  Import took 0.054248 seconds .

========================================================================
Received Import Request.
  Time since last request: 0.094702 seconds.
  path: Assets/TextMesh Pro/Resources/Sprite Assets/EmojiOne.asset
  artifactKey: Guid(c41005c129ba4d66911b75229fd70b45) Importer(815301076,1909f56bfc062723c751e8b465ee728b)
Start importing Assets/TextMesh Pro/Resources/Sprite Assets/EmojiOne.asset using Guid(c41005c129ba4d66911b75229fd70b45) Importer(815301076,1909f56bfc062723c751e8b465ee728b)  -> (artifact id: 'eab810e530baa31361df512bfcd5c5f1') in 0.015099 seconds
  Import took 0.019811 seconds .

========================================================================
Received Import Request.
  Time since last request: 0.003158 seconds.
  path: Assets/TextMesh Pro/Resources/Sprite Assets/EmojiOne.asset
  artifactKey: Guid(c41005c129ba4d66911b75229fd70b45) Importer(815301076,1909f56bfc062723c751e8b465ee728b)
Start importing Assets/TextMesh Pro/Resources/Sprite Assets/EmojiOne.asset using Guid(c41005c129ba4d66911b75229fd70b45) Importer(815301076,1909f56bfc062723c751e8b465ee728b)  -> (artifact id: 'eab810e530baa31361df512bfcd5c5f1') in 0.006061 seconds
  Import took 0.010391 seconds .

========================================================================
Received Import Request.
  Time since last request: 0.669940 seconds.
  path: Assets/TextMesh Pro/Fonts/LiberationSans.ttf
  artifactKey: Guid(e3265ab4bf004d28a9537516768c1c75) Importer(815301076,1909f56bfc062723c751e8b465ee728b)
Start importing Assets/TextMesh Pro/Fonts/LiberationSans.ttf using Guid(e3265ab4bf004d28a9537516768c1c75) Importer(815301076,1909f56bfc062723c751e8b465ee728b)  -> (artifact id: '7be469ab850b9f8a1ac4c39931454480') in 3.300980 seconds
  Import took 3.305941 seconds .

========================================================================
Received Import Request.
  Time since last request: 0.000266 seconds.
  path: Assets/TextMesh Pro/Resources/Fonts & Materials/LiberationSans SDF - Outline.mat
  artifactKey: Guid(79459efec17a4d00a321bdcc27bbc385) Importer(815301076,1909f56bfc062723c751e8b465ee728b)
Start importing Assets/TextMesh Pro/Resources/Fonts & Materials/LiberationSans SDF - Outline.mat using Guid(79459efec17a4d00a321bdcc27bbc385) Importer(815301076,1909f56bfc062723c751e8b465ee728b)  -> (artifact id: 'b79c5471f37031f9c6cf664112b39177') in 0.403391 seconds
  Import took 0.407302 seconds .

========================================================================
Received Import Request.
  Time since last request: 0.000425 seconds.
  path: Assets/TextMesh Pro/Resources/Fonts & Materials/LiberationSans SDF - Fallback.asset
  artifactKey: Guid(2e498d1c8094910479dc3e1b768306a4) Importer(815301076,1909f56bfc062723c751e8b465ee728b)
Start importing Assets/TextMesh Pro/Resources/Fonts & Materials/LiberationSans SDF - Fallback.asset using Guid(2e498d1c8094910479dc3e1b768306a4) Importer(815301076,1909f56bfc062723c751e8b465ee728b)  -> (artifact id: 'e508781f2e466c38bc1f4a18cf1e8324') in 0.119379 seconds
  Import took 0.125283 seconds .

========================================================================
Received Import Request.
  Time since last request: 0.000361 seconds.
  path: Assets/TextMesh Pro/Resources/Fonts & Materials/LiberationSans SDF - Drop Shadow.mat
  artifactKey: Guid(e73a58f6e2794ae7b1b7e50b7fb811b0) Importer(815301076,1909f56bfc062723c751e8b465ee728b)
Start importing Assets/TextMesh Pro/Resources/Fonts & Materials/LiberationSans SDF - Drop Shadow.mat using Guid(e73a58f6e2794ae7b1b7e50b7fb811b0) Importer(815301076,1909f56bfc062723c751e8b465ee728b)  -> (artifact id: '923580263a342e6401f6307fe262bd3a') in 0.262864 seconds
  Import took 0.268129 seconds .

========================================================================
Received Import Request.
  Time since last request: 0.000355 seconds.
  path: Assets/TextMesh Pro/Resources/Fonts & Materials/LiberationSans SDF.asset
  artifactKey: Guid(8f586378b4e144a9851e7b34d9b748ee) Importer(815301076,1909f56bfc062723c751e8b465ee728b)
Start importing Assets/TextMesh Pro/Resources/Fonts & Materials/LiberationSans SDF.asset using Guid(8f586378b4e144a9851e7b34d9b748ee) Importer(815301076,1909f56bfc062723c751e8b465ee728b)  -> (artifact id: 'aae0b1d0111703fb6434370378addb45') in 0.053989 seconds
  Import took 0.063056 seconds .

========================================================================
Received Prepare
Registering precompiled user dll's ...
Registered in 0.002081 seconds.
Begin MonoManager ReloadAssembly
Native extension for OSXStandalone target not found
Refreshing native plugins compatible for Editor in 0.47 ms, found 2 plugins.
Preloading 0 native plugins for Editor in 0.00 ms.
Invoked RoslynAnalysisRunner static constructor.
RoslynAnalysisRunner will not be running.
RoslynAnalysisRunner has terminated.
Mono: successfully reloaded assembly
- Completed reload, in  1.245 seconds
Platform modules already initialized, skipping
Refreshing native plugins compatible for Editor in 0.45 ms, found 2 plugins.
Preloading 0 native plugins for Editor in 0.00 ms.
Unloading 1808 Unused Serialized files (Serialized files now loaded: 0)
System memory in use before: 209.2 MB.
System memory in use after: 208.6 MB.

Unloading 24 unused Assets to reduce memory usage. Loaded Objects now: 2316.
Total: 3.007252 ms (FindLiveObjects: 0.277326 ms CreateObjectMapping: 0.076034 ms MarkObjects: 2.151988 ms  DeleteObjects: 0.498916 ms)

========================================================================
Received Prepare
Registering precompiled user dll's ...
Registered in 0.001691 seconds.
Begin MonoManager ReloadAssembly
Native extension for OSXStandalone target not found
Refreshing native plugins compatible for Editor in 0.43 ms, found 2 plugins.
Preloading 0 native plugins for Editor in 0.00 ms.
Invoked RoslynAnalysisRunner static constructor.
RoslynAnalysisRunner will not be running.
RoslynAnalysisRunner has terminated.
Mono: successfully reloaded assembly
- Completed reload, in  1.219 seconds
Platform modules already initialized, skipping
Refreshing native plugins compatible for Editor in 0.90 ms, found 2 plugins.
Preloading 0 native plugins for Editor in 0.00 ms.
Unloading 1807 Unused Serialized files (Serialized files now loaded: 0)
System memory in use before: 209.3 MB.
System memory in use after: 208.7 MB.

Unloading 24 unused Assets to reduce memory usage. Loaded Objects now: 2319.
Total: 4.693901 ms (FindLiveObjects: 0.449103 ms CreateObjectMapping: 0.114317 ms MarkObjects: 3.528708 ms  DeleteObjects: 0.599545 ms)

========================================================================
Received Prepare
Registering precompiled user dll's ...
Registered in 0.000827 seconds.
Begin MonoManager ReloadAssembly
Native extension for OSXStandalone target not found
Refreshing native plugins compatible for Editor in 0.42 ms, found 2 plugins.
Preloading 0 native plugins for Editor in 0.00 ms.
Invoked RoslynAnalysisRunner static constructor.
RoslynAnalysisRunner will not be running.
RoslynAnalysisRunner has terminated.
Mono: successfully reloaded assembly
- Completed reload, in  1.456 seconds
Platform modules already initialized, skipping
Refreshing native plugins compatible for Editor in 0.42 ms, found 2 plugins.
Preloading 0 native plugins for Editor in 0.00 ms.
Unloading 1807 Unused Serialized files (Serialized files now loaded: 0)
System memory in use before: 209.5 MB.
System memory in use after: 208.9 MB.

Unloading 24 unused Assets to reduce memory usage. Loaded Objects now: 2322.
Total: 3.082403 ms (FindLiveObjects: 0.328640 ms CreateObjectMapping: 0.077317 ms MarkObjects: 2.168693 ms  DeleteObjects: 0.506047 ms)

========================================================================
Received Prepare
Registering precompiled user dll's ...
Registered in 0.000842 seconds.
Begin MonoManager ReloadAssembly
Native extension for OSXStandalone target not found
Refreshing native plugins compatible for Editor in 0.40 ms, found 2 plugins.
Preloading 0 native plugins for Editor in 0.00 ms.
Invoked RoslynAnalysisRunner static constructor.
RoslynAnalysisRunner will not be running.
RoslynAnalysisRunner has terminated.
Mono: successfully reloaded assembly
- Completed reload, in  1.283 seconds
Platform modules already initialized, skipping
Refreshing native plugins compatible for Editor in 0.43 ms, found 2 plugins.
Preloading 0 native plugins for Editor in 0.00 ms.
Unloading 1807 Unused Serialized files (Serialized files now loaded: 0)
System memory in use before: 209.7 MB.
System memory in use after: 209.1 MB.

Unloading 24 unused Assets to reduce memory usage. Loaded Objects now: 2325.
Total: 3.430423 ms (FindLiveObjects: 0.282996 ms CreateObjectMapping: 0.089243 ms MarkObjects: 2.558559 ms  DeleteObjects: 0.497680 ms)

========================================================================
Received Prepare
Registering precompiled user dll's ...
Registered in 0.000804 seconds.
Begin MonoManager ReloadAssembly
Native extension for OSXStandalone target not found
Refreshing native plugins compatible for Editor in 0.40 ms, found 2 plugins.
Preloading 0 native plugins for Editor in 0.00 ms.
Invoked RoslynAnalysisRunner static constructor.
RoslynAnalysisRunner will not be running.
RoslynAnalysisRunner has terminated.
Mono: successfully reloaded assembly
- Completed reload, in  1.315 seconds
Platform modules already initialized, skipping
Refreshing native plugins compatible for Editor in 0.40 ms, found 2 plugins.
Preloading 0 native plugins for Editor in 0.00 ms.
Unloading 1807 Unused Serialized files (Serialized files now loaded: 0)
System memory in use before: 209.9 MB.
System memory in use after: 209.3 MB.

Unloading 24 unused Assets to reduce memory usage. Loaded Objects now: 2328.
Total: 3.609906 ms (FindLiveObjects: 0.366964 ms CreateObjectMapping: 0.089196 ms MarkObjects: 2.674717 ms  DeleteObjects: 0.476911 ms)

========================================================================
Received Prepare
Registering precompiled user dll's ...
Registered in 0.002094 seconds.
Begin MonoManager ReloadAssembly
Native extension for OSXStandalone target not found
Refreshing native plugins compatible for Editor in 0.86 ms, found 2 plugins.
Preloading 0 native plugins for Editor in 0.00 ms.
Invoked RoslynAnalysisRunner static constructor.
RoslynAnalysisRunner will not be running.
RoslynAnalysisRunner has terminated.
Mono: successfully reloaded assembly
- Completed reload, in  1.393 seconds
Platform modules already initialized, skipping
Refreshing native plugins compatible for Editor in 0.43 ms, found 2 plugins.
Preloading 0 native plugins for Editor in 0.00 ms.
Unloading 1807 Unused Serialized files (Serialized files now loaded: 0)
System memory in use before: 210.1 MB.
System memory in use after: 209.5 MB.

Unloading 24 unused Assets to reduce memory usage. Loaded Objects now: 2331.
Total: 3.074363 ms (FindLiveObjects: 0.325232 ms CreateObjectMapping: 0.079214 ms MarkObjects: 2.160444 ms  DeleteObjects: 0.507790 ms)

========================================================================
Received Prepare
Registering precompiled user dll's ...
Registered in 0.000773 seconds.
Begin MonoManager ReloadAssembly
Native extension for OSXStandalone target not found
Refreshing native plugins compatible for Editor in 0.70 ms, found 2 plugins.
Preloading 0 native plugins for Editor in 0.00 ms.
Invoked RoslynAnalysisRunner static constructor.
RoslynAnalysisRunner will not be running.
RoslynAnalysisRunner has terminated.
Mono: successfully reloaded assembly
- Completed reload, in  1.348 seconds
Platform modules already initialized, skipping
Refreshing native plugins compatible for Editor in 0.42 ms, found 2 plugins.
Preloading 0 native plugins for Editor in 0.00 ms.
Unloading 1807 Unused Serialized files (Serialized files now loaded: 0)
System memory in use before: 210.3 MB.
System memory in use after: 209.7 MB.

Unloading 24 unused Assets to reduce memory usage. Loaded Objects now: 2334.
Total: 3.022474 ms (FindLiveObjects: 0.291968 ms CreateObjectMapping: 0.074684 ms MarkObjects: 2.147195 ms  DeleteObjects: 0.507006 ms)

========================================================================
Received Prepare
Registering precompiled user dll's ...
Registered in 0.002490 seconds.
Begin MonoManager ReloadAssembly
Native extension for OSXStandalone target not found
Refreshing native plugins compatible for Editor in 0.42 ms, found 2 plugins.
Preloading 0 native plugins for Editor in 0.00 ms.
Invoked RoslynAnalysisRunner static constructor.
RoslynAnalysisRunner will not be running.
RoslynAnalysisRunner has terminated.
Mono: successfully reloaded assembly
- Completed reload, in  1.167 seconds
Platform modules already initialized, skipping
Refreshing native plugins compatible for Editor in 0.52 ms, found 2 plugins.
Preloading 0 native plugins for Editor in 0.00 ms.
Unloading 1807 Unused Serialized files (Serialized files now loaded: 0)
System memory in use before: 210.5 MB.
System memory in use after: 209.9 MB.

Unloading 24 unused Assets to reduce memory usage. Loaded Objects now: 2337.
Total: 3.717179 ms (FindLiveObjects: 0.493519 ms CreateObjectMapping: 0.187270 ms MarkObjects: 2.456405 ms  DeleteObjects: 0.578058 ms)

========================================================================
Received Prepare
Registering precompiled user dll's ...
Registered in 0.002884 seconds.
Begin MonoManager ReloadAssembly
Native extension for OSXStandalone target not found
Refreshing native plugins compatible for Editor in 0.39 ms, found 2 plugins.
Preloading 0 native plugins for Editor in 0.00 ms.
Invoked RoslynAnalysisRunner static constructor.
RoslynAnalysisRunner will not be running.
RoslynAnalysisRunner has terminated.
Mono: successfully reloaded assembly
- Completed reload, in  1.234 seconds
Platform modules already initialized, skipping
Refreshing native plugins compatible for Editor in 0.63 ms, found 2 plugins.
Preloading 0 native plugins for Editor in 0.00 ms.
Unloading 1807 Unused Serialized files (Serialized files now loaded: 0)
System memory in use before: 210.7 MB.
System memory in use after: 210.1 MB.

Unloading 24 unused Assets to reduce memory usage. Loaded Objects now: 2340.
Total: 5.451829 ms (FindLiveObjects: 0.469555 ms CreateObjectMapping: 0.136620 ms MarkObjects: 3.950105 ms  DeleteObjects: 0.892657 ms)

========================================================================
Received Import Request.
  Time since last request: 3118.675027 seconds.
  path: Assets/Scenes/StartScene.unity
  artifactKey: Guid(523cd63ab0b49439abfd31602e36373f) Importer(815301076,1909f56bfc062723c751e8b465ee728b)
Start importing Assets/Scenes/StartScene.unity using Guid(523cd63ab0b49439abfd31602e36373f) Importer(815301076,1909f56bfc062723c751e8b465ee728b)  -> (artifact id: '3b311b3076e25a5a99cd02788c885174') in 0.015647 seconds
  Import took 0.019344 seconds .

========================================================================
Received Import Request.
  Time since last request: 0.004490 seconds.
  path: Assets/Scenes/StartScene.unity
  artifactKey: Guid(523cd63ab0b49439abfd31602e36373f) Importer(815301076,1909f56bfc062723c751e8b465ee728b)
Start importing Assets/Scenes/StartScene.unity using Guid(523cd63ab0b49439abfd31602e36373f) Importer(815301076,1909f56bfc062723c751e8b465ee728b)  -> (artifact id: '3b311b3076e25a5a99cd02788c885174') in 0.002524 seconds
  Import took 0.007114 seconds .

